<?xml version="1.0" encoding="utf-8"?><testsuites name="pytest tests"><testsuite name="pytest" errors="0" failures="0" skipped="0" tests="11" time="2.305" timestamp="2026-07-07T08:04:54.441306+00:00" hostname="agent-env-645ff088-37d3-4205-a5e0-0dcd92190586"><testcase classname="backend.tests.test_admin_email.TestAdminEmailAuth" name="test_send_email_no_auth_returns_401" time="0.289" /><testcase classname="backend.tests.test_admin_email.TestAdminEmailAuth" name="test_send_email_wrong_auth_returns_401" time="0.181" /><testcase classname="backend.tests.test_admin_email.TestAdminEmailAuth" name="test_get_emails_no_auth_returns_401" time="0.072" /><testcase classname="backend.tests.test_admin_email.TestAdminEmailValidation" name="test_missing_subject_returns_422" time="0.054" /><testcase classname="backend.tests.test_admin_email.TestAdminEmailValidation" name="test_missing_body_returns_422" time="0.055" /><testcase classname="backend.tests.test_admin_email.TestAdminEmailValidation" name="test_empty_body_json_returns_422" time="0.074" /><testcase classname="backend.tests.test_admin_email.TestAdminEmailLeadNotFound" name="test_nonexistent_lead_returns_404_or_400" time="0.090" /><testcase classname="backend.tests.test_admin_email.TestAdminEmailLeadNotFound" name="test_invalid_objectid_returns_400" time="0.061" /><testcase classname="backend.tests.test_admin_email.TestAdminEmailSend" name="test_send_email_returns_500_email_service_not_configured" time="0.142" /><testcase classname="backend.tests.test_admin_email.TestAdminEmailHistory" name="test_get_emails_returns_list" time="1.184" /><testcase classname="backend.tests.test_admin_email.TestAdminEmailHistory" name="test_get_emails_unknown_lead_returns_empty_list" time="0.075" /></testsuite></testsuites>