<?xml version="1.0" encoding="utf-8"?><testsuites name="pytest tests"><testsuite name="pytest" errors="0" failures="0" skipped="0" tests="11" time="9.198" timestamp="2026-03-15T09:58:35.089756+00:00" hostname="agent-env-fcae0970-dc75-4aa3-b4cc-b14b42b72e87"><testcase classname="backend.tests.test_comments_api.TestCommentsAPI" name="test_get_comments_for_article_returns_empty_array" time="0.590" /><testcase classname="backend.tests.test_comments_api.TestCommentsAPI" name="test_create_comment_returns_success" time="0.539" /><testcase classname="backend.tests.test_comments_api.TestCommentsAPI" name="test_create_comment_with_missing_fields_fails" time="0.433" /><testcase classname="backend.tests.test_comments_api.TestCommentsAPI" name="test_get_approved_comments_excludes_pending" time="0.856" /><testcase classname="backend.tests.test_comments_api.TestCommentsAdminAPI" name="test_admin_get_all_comments" time="0.431" /><testcase classname="backend.tests.test_comments_api.TestCommentsAdminAPI" name="test_admin_get_comments_stats" time="0.411" /><testcase classname="backend.tests.test_comments_api.TestCommentsAdminAPI" name="test_admin_approve_comment_workflow" time="1.663" /><testcase classname="backend.tests.test_comments_api.TestCommentsAdminAPI" name="test_admin_reject_comment" time="1.704" /><testcase classname="backend.tests.test_comments_api.TestCommentsAdminAPI" name="test_admin_delete_comment" time="1.290" /><testcase classname="backend.tests.test_comments_api.TestCommentsAdminAPI" name="test_admin_auth_required" time="0.835" /><testcase classname="backend.tests.test_comments_api.TestCommentsAdminAPI" name="test_admin_filter_comments_by_status" time="0.415" /></testsuite></testsuites>