<?xml version="1.0" encoding="utf-8"?><testsuites name="pytest tests"><testsuite name="pytest" errors="0" failures="0" skipped="0" tests="19" time="1.594" timestamp="2026-04-09T08:14:50.111902+00:00" hostname="agent-env-645ff088-37d3-4205-a5e0-0dcd92190586"><testcase classname="backend.tests.test_comprehensive.TestHealthAndBasic" name="test_health_endpoint" time="0.116" /><testcase classname="backend.tests.test_comprehensive.TestHealthAndBasic" name="test_root_endpoint" time="0.060" /><testcase classname="backend.tests.test_comprehensive.TestArticlesAPI" name="test_get_articles_list" time="0.085" /><testcase classname="backend.tests.test_comprehensive.TestArticlesAPI" name="test_get_articles" time="0.081" /><testcase classname="backend.tests.test_comprehensive.TestArticlesAPI" name="test_get_clusters" time="0.103" /><testcase classname="backend.tests.test_comprehensive.TestArticlesAPI" name="test_get_categories" time="0.061" /><testcase classname="backend.tests.test_comprehensive.TestInvestmentAPI" name="test_get_locations" time="0.081" /><testcase classname="backend.tests.test_comprehensive.TestInvestmentAPI" name="test_get_infrastructure" time="0.071" /><testcase classname="backend.tests.test_comprehensive.TestInvestmentAPI" name="test_get_zones" time="0.072" /><testcase classname="backend.tests.test_comprehensive.TestInvestmentAPI" name="test_roi_calculator" time="0.063" /><testcase classname="backend.tests.test_comprehensive.TestAdminAuth" name="test_admin_verify_success" time="0.065" /><testcase classname="backend.tests.test_comprehensive.TestAdminAuth" name="test_admin_verify_unauthorized" time="0.066" /><testcase classname="backend.tests.test_comprehensive.TestAdminAuth" name="test_admin_verify_wrong_credentials" time="0.086" /><testcase classname="backend.tests.test_comprehensive.TestSettingsAPI" name="test_get_downloads" time="0.056" /><testcase classname="backend.tests.test_comprehensive.TestSettingsAPI" name="test_get_homepage" time="0.058" /><testcase classname="backend.tests.test_comprehensive.TestRegionsAPI" name="test_get_regions" time="0.069" /><testcase classname="backend.tests.test_comprehensive.TestEventsAPI" name="test_get_events" time="0.078" /><testcase classname="backend.tests.test_comprehensive.TestPDFGenerator" name="test_generate_pdf_success" time="0.188" /><testcase classname="backend.tests.test_comprehensive.TestPDFGenerator" name="test_generate_pdf_unauthorized" time="0.095" /></testsuite></testsuites>