<?xml version="1.0" encoding="utf-8"?><testsuites name="pytest tests"><testsuite name="pytest" errors="0" failures="0" skipped="0" tests="10" time="0.832" timestamp="2026-07-10T10:55:11.737935+00:00" hostname="agent-env-645ff088-37d3-4205-a5e0-0dcd92190586"><testcase classname="backend.tests.test_csv_leads_import.TestAuthAndSanity" name="test_import_requires_auth" time="0.106" /><testcase classname="backend.tests.test_csv_leads_import.TestAuthAndSanity" name="test_admin_leads_get_reachable" time="0.084" /><testcase classname="backend.tests.test_csv_leads_import.TestFacebookCampaignLeadsExist" name="test_facebook_campaign_leads_count" time="0.034" /><testcase classname="backend.tests.test_csv_leads_import.TestFacebookCampaignLeadsExist" name="test_facebook_lead_shape" time="0.038" /><testcase classname="backend.tests.test_csv_leads_import.TestFreshImportSemicolonGermanColumns" name="test_import_fresh_semicolon_csv" time="0.039" /><testcase classname="backend.tests.test_csv_leads_import.TestFreshImportSemicolonGermanColumns" name="test_imported_leads_persisted_with_source_label" time="0.040" /><testcase classname="backend.tests.test_csv_leads_import.TestFreshImportSemicolonGermanColumns" name="test_german_name_mapped" time="0.035" /><testcase classname="backend.tests.test_csv_leads_import.TestDuplicateDetection" name="test_reimport_same_csv_skips_all" time="0.036" /><testcase classname="backend.tests.test_csv_leads_import.TestBadInput" name="test_non_csv_extension_rejected" time="0.081" /><testcase classname="backend.tests.test_csv_leads_import.TestBadInput" name="test_missing_email_column_all_skipped" time="0.307" /></testsuite></testsuites>