<?xml version="1.0" encoding="utf-8"?><testsuites name="pytest tests"><testsuite name="pytest" errors="0" failures="0" skipped="0" tests="9" time="0.074" timestamp="2026-03-29T14:56:00.906819+00:00" hostname="agent-env-645ff088-37d3-4205-a5e0-0dcd92190586"><testcase classname="backend.tests.test_download_url.TestDownloadUrlBackend" name="test_get_existing_article_with_download_url" time="0.007" /><testcase classname="backend.tests.test_download_url.TestDownloadUrlBackend" name="test_create_article_with_download_url" time="0.012" /><testcase classname="backend.tests.test_download_url.TestDownloadUrlBackend" name="test_create_article_without_download_url" time="0.005" /><testcase classname="backend.tests.test_download_url.TestDownloadUrlBackend" name="test_update_article_add_download_url" time="0.009" /><testcase classname="backend.tests.test_download_url.TestDownloadUrlBackend" name="test_update_article_remove_download_url" time="0.008" /><testcase classname="backend.tests.test_download_url.TestDownloadUrlBackend" name="test_admin_auth_required_for_article_creation" time="0.001" /><testcase classname="backend.tests.test_download_url.TestDownloadUrlBackend" name="test_admin_auth_required_for_article_update" time="0.001" /><testcase classname="backend.tests.test_download_url.TestArticleListWithDownloadUrl" name="test_get_all_articles_includes_download_url" time="0.002" /><testcase classname="backend.tests.test_download_url.TestArticleListWithDownloadUrl" name="test_get_article_by_id_includes_download_url" time="0.002" /></testsuite></testsuites>