<?xml version="1.0" encoding="utf-8"?><testsuites name="pytest tests"><testsuite name="pytest" errors="0" failures="0" skipped="0" tests="19" time="1.081" timestamp="2026-07-07T07:50:14.624511+00:00" hostname="agent-env-645ff088-37d3-4205-a5e0-0dcd92190586"><testcase classname="tests.test_email_footer_fix.TestWrapEmailFooterFlag" name="test_wrap_email_signature_has_include_footer_param" time="0.332" /><testcase classname="tests.test_email_footer_fix.TestWrapEmailFooterFlag" name="test_wrap_email_default_includes_footer" time="0.000" /><testcase classname="tests.test_email_footer_fix.TestWrapEmailFooterFlag" name="test_wrap_email_include_footer_true_explicit" time="0.000" /><testcase classname="tests.test_email_footer_fix.TestWrapEmailFooterFlag" name="test_wrap_email_include_footer_false_excludes_footer" time="0.000" /><testcase classname="tests.test_email_footer_fix.TestWrapEmailFooterFlag" name="test_wrap_email_lang_and_tracking" time="0.000" /><testcase classname="tests.test_email_footer_fix.TestSignatureTemplate" name="test_signature_contains_logo" time="0.010" /><testcase classname="tests.test_email_footer_fix.TestSignatureTemplate" name="test_signature_contains_company_name" time="0.000" /><testcase classname="tests.test_email_footer_fix.TestSignatureTemplate" name="test_signature_contains_website_link" time="0.000" /><testcase classname="tests.test_email_footer_fix.TestSignatureTemplate" name="test_signature_contains_montaris_info" time="0.000" /><testcase classname="tests.test_email_footer_fix.TestSignatureTemplate" name="test_signature_contains_novi_sad_address" time="0.000" /><testcase classname="tests.test_email_footer_fix.TestSignatureTemplate" name="test_signature_contains_reg_numbers" time="0.000" /><testcase classname="tests.test_email_footer_fix.TestSignatureTemplate" name="test_signature_contains_office_podgorica" time="0.000" /><testcase classname="tests.test_email_footer_fix.TestSignatureTemplate" name="test_signature_contains_office_dusseldorf" time="0.000" /><testcase classname="tests.test_email_footer_fix.TestSendLeadEmailUsesNoFooter" name="test_send_lead_email_source_passes_include_footer_false" time="0.004" /><testcase classname="tests.test_email_footer_fix.TestOtherEmailFunctionsUseFooter" name="test_send_contact_email_uses_default_footer" time="0.001" /><testcase classname="tests.test_email_footer_fix.TestOtherEmailFunctionsUseFooter" name="test_send_notification_email_uses_default_footer" time="0.000" /><testcase classname="tests.test_email_footer_fix.TestOtherEmailFunctionsUseFooter" name="test_followup_email_uses_default_footer" time="0.001" /><testcase classname="tests.test_email_footer_fix.TestSendLeadEmailEndpoint" name="test_unauthorized_without_token" time="0.103" /><testcase classname="tests.test_email_footer_fix.TestSendLeadEmailEndpoint" name="test_send_email_endpoint_returns_500_no_python_error" time="0.596" /></testsuite></testsuites>