<?xml version="1.0" encoding="utf-8"?><testsuites name="pytest tests"><testsuite name="pytest" errors="0" failures="0" skipped="0" tests="9" time="4.906" timestamp="2026-03-22T23:08:35.305788+00:00" hostname="agent-env-72358518-7f54-47fa-97da-3273e889d9e3"><testcase classname="backend.tests.test_hero_background.TestPagesAPI" name="test_get_home_page" time="0.608" /><testcase classname="backend.tests.test_hero_background.TestPagesAPI" name="test_home_page_has_hero_section" time="0.431" /><testcase classname="backend.tests.test_hero_background.TestPagesAPI" name="test_admin_pages_endpoint_requires_auth" time="0.400" /><testcase classname="backend.tests.test_hero_background.TestPagesAPI" name="test_admin_pages_endpoint_with_auth" time="0.536" /><testcase classname="backend.tests.test_hero_background.TestPagesAPI" name="test_update_home_page_hero_background" time="1.260" /><testcase classname="backend.tests.test_hero_background.TestPagesAPI" name="test_hero_overlay_opacity_persists" time="0.408" /><testcase classname="backend.tests.test_hero_background.TestImageUploadAPI" name="test_upload_endpoint_requires_auth" time="0.425" /><testcase classname="backend.tests.test_hero_background.TestImageUploadAPI" name="test_upload_endpoint_rejects_invalid_file_type" time="0.425" /><testcase classname="backend.tests.test_hero_background.TestHeroComponentIntegration" name="test_hero_data_structure_for_frontend" time="0.397" /></testsuite></testsuites>