<?xml version="1.0" encoding="utf-8"?><testsuites name="pytest tests"><testsuite name="pytest" errors="0" failures="0" skipped="0" tests="16" time="2.483" timestamp="2026-04-05T08:20:10.431703+00:00" hostname="agent-env-645ff088-37d3-4205-a5e0-0dcd92190586"><testcase classname="tests.test_investment_api.TestHealthCheck" name="test_health_endpoint" time="0.243" /><testcase classname="tests.test_investment_api.TestAdminAuth" name="test_admin_verify_valid_credentials" time="0.078" /><testcase classname="tests.test_investment_api.TestAdminAuth" name="test_admin_verify_invalid_credentials" time="0.079" /><testcase classname="tests.test_investment_api.TestLocationsAPI" name="test_get_all_locations" time="0.102" /><testcase classname="tests.test_investment_api.TestLocationsAPI" name="test_get_single_location" time="0.065" /><testcase classname="tests.test_investment_api.TestLocationsAPI" name="test_location_not_found" time="0.084" /><testcase classname="tests.test_investment_api.TestInfrastructureAPI" name="test_get_all_infrastructure" time="0.099" /><testcase classname="tests.test_investment_api.TestInfrastructureAPI" name="test_infrastructure_project_types" time="0.199" /><testcase classname="tests.test_investment_api.TestZonesAPI" name="test_get_all_zones" time="0.069" /><testcase classname="tests.test_investment_api.TestAdminLocationsCRUD" name="test_create_location" time="0.208" /><testcase classname="tests.test_investment_api.TestAdminLocationsCRUD" name="test_update_location" time="0.226" /><testcase classname="tests.test_investment_api.TestAdminLocationsCRUD" name="test_delete_location" time="0.300" /><testcase classname="tests.test_investment_api.TestAdminInfrastructureCRUD" name="test_create_infrastructure" time="0.125" /><testcase classname="tests.test_investment_api.TestAdminInfrastructureCRUD" name="test_update_infrastructure" time="0.208" /><testcase classname="tests.test_investment_api.TestAdminZonesCRUD" name="test_create_zone" time="0.165" /><testcase classname="tests.test_investment_api.TestAdminZonesCRUD" name="test_update_zone" time="0.197" /></testsuite></testsuites>