<?xml version="1.0" encoding="utf-8"?><testsuites name="pytest tests"><testsuite name="pytest" errors="0" failures="0" skipped="0" tests="9" time="1.438" timestamp="2026-07-06T20:41:45.636621+00:00" hostname="agent-env-645ff088-37d3-4205-a5e0-0dcd92190586"><testcase classname="backend.tests.test_lead_notes_api.TestAdminAuth" name="test_admin_leads_requires_auth" time="0.265" /><testcase classname="backend.tests.test_lead_notes_api.TestAdminAuth" name="test_lead_detail_requires_auth" time="0.186" /><testcase classname="backend.tests.test_lead_notes_api.TestLeadDetail" name="test_get_lead_detail_returns_notes_array" time="0.184" /><testcase classname="backend.tests.test_lead_notes_api.TestLeadDetail" name="test_get_lead_detail_bad_id" time="0.066" /><testcase classname="backend.tests.test_lead_notes_api.TestLeadDetail" name="test_get_lead_detail_nonexistent" time="0.062" /><testcase classname="backend.tests.test_lead_notes_api.TestAddNote" name="test_create_note_appears_in_detail" time="0.450" /><testcase classname="backend.tests.test_lead_notes_api.TestAddNote" name="test_create_note_on_nonexistent_lead" time="0.058" /><testcase classname="backend.tests.test_lead_notes_api.TestLeadsList" name="test_admin_leads_list" time="0.062" /><testcase classname="backend.tests.test_lead_notes_api.TestLeadsList" name="test_analytics_overview_has_recent_leads_with_lead_id" time="0.076" /></testsuite></testsuites>