<?xml version="1.0" encoding="utf-8"?><testsuites name="pytest tests"><testsuite name="pytest" errors="0" failures="0" skipped="0" tests="9" time="1.261" timestamp="2026-04-08T16:47:43.556161+00:00" hostname="agent-env-645ff088-37d3-4205-a5e0-0dcd92190586"><testcase classname="backend.tests.test_pdf_generator.TestPDFGeneratorAPI" name="test_generate_pdf_success" time="0.332" /><testcase classname="backend.tests.test_pdf_generator.TestPDFGeneratorAPI" name="test_generate_pdf_with_title_only" time="0.132" /><testcase classname="backend.tests.test_pdf_generator.TestPDFGeneratorAPI" name="test_generate_pdf_with_complex_html" time="0.156" /><testcase classname="backend.tests.test_pdf_generator.TestPDFGeneratorAPI" name="test_generate_pdf_empty_content" time="0.170" /><testcase classname="backend.tests.test_pdf_generator.TestPDFGeneratorAPI" name="test_generate_pdf_unauthorized" time="0.063" /><testcase classname="backend.tests.test_pdf_generator.TestPDFGeneratorAPI" name="test_generate_pdf_wrong_credentials" time="0.081" /><testcase classname="backend.tests.test_pdf_generator.TestPDFGeneratorAPI" name="test_generate_pdf_special_characters_in_title" time="0.136" /><testcase classname="backend.tests.test_pdf_generator.TestAdminVerify" name="test_admin_verify_success" time="0.075" /><testcase classname="backend.tests.test_pdf_generator.TestAdminVerify" name="test_admin_verify_unauthorized" time="0.091" /></testsuite></testsuites>