<?xml version="1.0" encoding="utf-8"?><testsuites name="pytest tests"><testsuite name="pytest" errors="0" failures="0" skipped="0" tests="17" time="2.641" timestamp="2026-07-20T16:34:30.233672+00:00" hostname="agent-env-645ff088-37d3-4205-a5e0-0dcd92190586"><testcase classname="backend.tests.test_properties_api.TestAdminCRUD" name="test_create_property_returns_id_and_fields" time="0.471" /><testcase classname="backend.tests.test_properties_api.TestAdminCRUD" name="test_create_requires_admin_auth" time="0.112" /><testcase classname="backend.tests.test_properties_api.TestAdminCRUD" name="test_update_and_persistence" time="0.309" /><testcase classname="backend.tests.test_properties_api.TestAdminCRUD" name="test_update_empty_returns_400" time="0.067" /><testcase classname="backend.tests.test_properties_api.TestAdminCRUD" name="test_admin_list_includes_property" time="0.080" /><testcase classname="backend.tests.test_properties_api.TestAdminCRUD" name="test_delete_property_removes_it" time="0.222" /><testcase classname="backend.tests.test_properties_api.TestPublicListing" name="test_list_returns_published_only" time="0.085" /><testcase classname="backend.tests.test_properties_api.TestPublicListing" name="test_filter_by_location" time="0.056" /><testcase classname="backend.tests.test_properties_api.TestPublicListing" name="test_filter_by_property_type" time="0.067" /><testcase classname="backend.tests.test_properties_api.TestPublicListing" name="test_filter_price_range" time="0.092" /><testcase classname="backend.tests.test_properties_api.TestPublicListing" name="test_get_by_id" time="0.090" /><testcase classname="backend.tests.test_properties_api.TestPublicListing" name="test_get_nonexistent_returns_404" time="0.077" /><testcase classname="backend.tests.test_properties_api.TestImageFlow" name="test_upload_image_and_serve" time="0.249" /><testcase classname="backend.tests.test_properties_api.TestImageFlow" name="test_serve_nonexistent_image_returns_404" time="0.074" /><testcase classname="backend.tests.test_properties_api.TestPDFFlow" name="test_upload_pdf_and_serve" time="0.236" /><testcase classname="backend.tests.test_properties_api.TestInquiry" name="test_inquiry_creates_lead" time="0.135" /><testcase classname="backend.tests.test_properties_api.TestInquiry" name="test_inquiry_on_missing_property_404" time="0.171" /></testsuite></testsuites>