<?xml version="1.0" encoding="utf-8"?><testsuites name="pytest tests"><testsuite name="pytest" errors="0" failures="0" skipped="0" tests="54" time="39.344" timestamp="2026-03-16T21:08:16.957741+00:00" hostname="agent-env-4bcb5609-25c9-4834-93ef-f2541869250c"><testcase classname="tests.test_articles_api.TestPublicArticlesAPI" name="test_get_all_articles" time="0.813" /><testcase classname="tests.test_articles_api.TestPublicArticlesAPI" name="test_get_articles_by_cluster" time="0.399" /><testcase classname="tests.test_articles_api.TestPublicArticlesAPI" name="test_get_featured_articles" time="0.409" /><testcase classname="tests.test_articles_api.TestPublicArticlesAPI" name="test_get_article_by_slug" time="0.529" /><testcase classname="tests.test_articles_api.TestPublicArticlesAPI" name="test_get_nonexistent_article_returns_404" time="0.421" /><testcase classname="tests.test_articles_api.TestPublicArticlesAPI" name="test_get_article_by_id" time="0.412" /><testcase classname="tests.test_articles_api.TestClustersAndCategoriesAPI" name="test_get_clusters" time="0.468" /><testcase classname="tests.test_articles_api.TestClustersAndCategoriesAPI" name="test_get_categories" time="0.412" /><testcase classname="tests.test_articles_api.TestAdminAPI" name="test_admin_verify_with_valid_credentials" time="0.410" /><testcase classname="tests.test_articles_api.TestAdminAPI" name="test_admin_verify_with_invalid_credentials" time="0.414" /><testcase classname="tests.test_articles_api.TestAdminAPI" name="test_admin_endpoint_requires_auth" time="0.406" /><testcase classname="tests.test_articles_api.TestArticleCRUD" name="test_create_update_delete_article" time="2.269" /><testcase classname="tests.test_articles_api.TestArticleCRUD" name="test_create_duplicate_slug_fails" time="0.402" /><testcase classname="tests.test_comments_api.TestCommentsAPI" name="test_get_comments_for_article_returns_empty_array" time="0.414" /><testcase classname="tests.test_comments_api.TestCommentsAPI" name="test_create_comment_returns_success" time="0.413" /><testcase classname="tests.test_comments_api.TestCommentsAPI" name="test_create_comment_with_missing_fields_fails" time="0.410" /><testcase classname="tests.test_comments_api.TestCommentsAPI" name="test_get_approved_comments_excludes_pending" time="0.821" /><testcase classname="tests.test_comments_api.TestCommentsAdminAPI" name="test_admin_get_all_comments" time="0.419" /><testcase classname="tests.test_comments_api.TestCommentsAdminAPI" name="test_admin_get_comments_stats" time="0.442" /><testcase classname="tests.test_comments_api.TestCommentsAdminAPI" name="test_admin_approve_comment_workflow" time="1.622" /><testcase classname="tests.test_comments_api.TestCommentsAdminAPI" name="test_admin_reject_comment" time="1.669" /><testcase classname="tests.test_comments_api.TestCommentsAdminAPI" name="test_admin_delete_comment" time="1.225" /><testcase classname="tests.test_comments_api.TestCommentsAdminAPI" name="test_admin_auth_required" time="0.823" /><testcase classname="tests.test_comments_api.TestCommentsAdminAPI" name="test_admin_filter_comments_by_status" time="0.474" /><testcase classname="tests.test_pages_api.TestPagesAPIPublic" name="test_get_all_pages" time="0.411" /><testcase classname="tests.test_pages_api.TestPagesAPIPublic" name="test_get_team_page_returns_data" time="0.443" /><testcase classname="tests.test_pages_api.TestPagesAPIPublic" name="test_team_page_has_team_members_section" time="0.406" /><testcase classname="tests.test_pages_api.TestPagesAPIPublic" name="test_team_members_have_images" time="0.397" /><testcase classname="tests.test_pages_api.TestPagesAPIPublic" name="test_team_member_images_are_accessible" time="1.106" /><testcase classname="tests.test_pages_api.TestPagesAPIPublic" name="test_get_nonexistent_page_returns_404" time="0.435" /><testcase classname="tests.test_pages_api.TestPagesAPIPublic" name="test_get_home_page_returns_default" time="0.400" /><testcase classname="tests.test_pages_api.TestPagesAPIAdmin" name="test_get_admin_pages_requires_auth" time="0.407" /><testcase classname="tests.test_pages_api.TestPagesAPIAdmin" name="test_get_admin_pages_with_auth" time="0.403" /><testcase classname="tests.test_pages_api.TestPagesAPIAdmin" name="test_update_team_page_requires_auth" time="0.434" /><testcase classname="tests.test_pages_api.TestPagesAPIAdmin" name="test_update_team_page_with_auth" time="1.524" /><testcase classname="tests.test_pages_api.TestImageUploadAPI" name="test_upload_requires_auth" time="0.401" /><testcase classname="tests.test_pages_api.TestImageUploadAPI" name="test_upload_with_invalid_file_type" time="0.424" /><testcase classname="tests.test_pages_api.TestImageUploadAPI" name="test_list_uploads_requires_auth" time="0.403" /><testcase classname="tests.test_pages_api.TestImageUploadAPI" name="test_list_uploads_with_auth" time="0.405" /><testcase classname="tests.test_pages_api.TestTeamDataIntegrity" name="test_holger_image_exists" time="0.795" /><testcase classname="tests.test_pages_api.TestTeamDataIntegrity" name="test_milena_image_exists" time="0.793" /><testcase classname="tests.test_pages_api.TestTeamDataIntegrity" name="test_team_page_structure_complete" time="0.423" /><testcase classname="tests.test_regions_api.TestRegionsPublicAPI" name="test_get_all_regions_returns_list" time="0.401" /><testcase classname="tests.test_regions_api.TestRegionsPublicAPI" name="test_get_region_by_slug_not_found" time="0.409" /><testcase classname="tests.test_regions_api.TestRegionsAdminAPI" name="test_admin_get_regions_unauthorized" time="0.407" /><testcase classname="tests.test_regions_api.TestRegionsAdminAPI" name="test_admin_get_regions_authorized" time="0.403" /><testcase classname="tests.test_regions_api.TestRegionsAdminAPI" name="test_admin_create_region" time="1.208" /><testcase classname="tests.test_regions_api.TestRegionsAdminAPI" name="test_admin_create_region_duplicate_slug_fails" time="1.642" /><testcase classname="tests.test_regions_api.TestRegionsAdminAPI" name="test_admin_update_region" time="1.638" /><testcase classname="tests.test_regions_api.TestRegionsAdminAPI" name="test_admin_delete_region" time="1.680" /><testcase classname="tests.test_regions_api.TestRegionsAdminAPI" name="test_admin_delete_region_not_found" time="0.419" /><testcase classname="tests.test_regions_api.TestRegionApartmentsAPI" name="test_admin_add_apartment_to_region" time="1.681" /><testcase classname="tests.test_regions_api.TestRegionApartmentsAPI" name="test_admin_add_apartment_to_nonexistent_region" time="0.428" /><testcase classname="tests.test_regions_api.TestRegionDataIntegrity" name="test_full_region_lifecycle" time="2.450" /></testsuite></testsuites>