<?xml version="1.0" encoding="utf-8"?><testsuites name="pytest tests"><testsuite name="pytest" errors="0" failures="0" skipped="0" tests="36" time="29.403" timestamp="2026-03-16T19:43:55.047702+00:00" hostname="agent-env-0ea9cefa-2287-4b32-9a95-c31d16391d2c"><testcase classname="tests.test_articles_api.TestPublicArticlesAPI" name="test_get_all_articles" time="0.858" /><testcase classname="tests.test_articles_api.TestPublicArticlesAPI" name="test_get_articles_by_cluster" time="0.394" /><testcase classname="tests.test_articles_api.TestPublicArticlesAPI" name="test_get_featured_articles" time="0.527" /><testcase classname="tests.test_articles_api.TestPublicArticlesAPI" name="test_get_article_by_slug" time="0.488" /><testcase classname="tests.test_articles_api.TestPublicArticlesAPI" name="test_get_nonexistent_article_returns_404" time="0.401" /><testcase classname="tests.test_articles_api.TestPublicArticlesAPI" name="test_get_article_by_id" time="0.418" /><testcase classname="tests.test_articles_api.TestClustersAndCategoriesAPI" name="test_get_clusters" time="0.402" /><testcase classname="tests.test_articles_api.TestClustersAndCategoriesAPI" name="test_get_categories" time="0.397" /><testcase classname="tests.test_articles_api.TestAdminAPI" name="test_admin_verify_with_valid_credentials" time="0.397" /><testcase classname="tests.test_articles_api.TestAdminAPI" name="test_admin_verify_with_invalid_credentials" time="0.399" /><testcase classname="tests.test_articles_api.TestAdminAPI" name="test_admin_endpoint_requires_auth" time="0.398" /><testcase classname="tests.test_articles_api.TestArticleCRUD" name="test_create_update_delete_article" time="2.280" /><testcase classname="tests.test_articles_api.TestArticleCRUD" name="test_create_duplicate_slug_fails" time="0.430" /><testcase classname="tests.test_comments_api.TestCommentsAPI" name="test_get_comments_for_article_returns_empty_array" time="0.408" /><testcase classname="tests.test_comments_api.TestCommentsAPI" name="test_create_comment_returns_success" time="0.405" /><testcase classname="tests.test_comments_api.TestCommentsAPI" name="test_create_comment_with_missing_fields_fails" time="0.402" /><testcase classname="tests.test_comments_api.TestCommentsAPI" name="test_get_approved_comments_excludes_pending" time="0.799" /><testcase classname="tests.test_comments_api.TestCommentsAdminAPI" name="test_admin_get_all_comments" time="0.424" /><testcase classname="tests.test_comments_api.TestCommentsAdminAPI" name="test_admin_get_comments_stats" time="0.429" /><testcase classname="tests.test_comments_api.TestCommentsAdminAPI" name="test_admin_approve_comment_workflow" time="1.679" /><testcase classname="tests.test_comments_api.TestCommentsAdminAPI" name="test_admin_reject_comment" time="1.623" /><testcase classname="tests.test_comments_api.TestCommentsAdminAPI" name="test_admin_delete_comment" time="1.233" /><testcase classname="tests.test_comments_api.TestCommentsAdminAPI" name="test_admin_auth_required" time="0.858" /><testcase classname="tests.test_comments_api.TestCommentsAdminAPI" name="test_admin_filter_comments_by_status" time="0.397" /><testcase classname="tests.test_regions_api.TestRegionsPublicAPI" name="test_get_all_regions_returns_list" time="0.407" /><testcase classname="tests.test_regions_api.TestRegionsPublicAPI" name="test_get_region_by_slug_not_found" time="0.427" /><testcase classname="tests.test_regions_api.TestRegionsAdminAPI" name="test_admin_get_regions_unauthorized" time="0.414" /><testcase classname="tests.test_regions_api.TestRegionsAdminAPI" name="test_admin_get_regions_authorized" time="0.423" /><testcase classname="tests.test_regions_api.TestRegionsAdminAPI" name="test_admin_create_region" time="1.228" /><testcase classname="tests.test_regions_api.TestRegionsAdminAPI" name="test_admin_create_region_duplicate_slug_fails" time="1.619" /><testcase classname="tests.test_regions_api.TestRegionsAdminAPI" name="test_admin_update_region" time="1.683" /><testcase classname="tests.test_regions_api.TestRegionsAdminAPI" name="test_admin_delete_region" time="1.654" /><testcase classname="tests.test_regions_api.TestRegionsAdminAPI" name="test_admin_delete_region_not_found" time="0.394" /><testcase classname="tests.test_regions_api.TestRegionApartmentsAPI" name="test_admin_add_apartment_to_region" time="1.738" /><testcase classname="tests.test_regions_api.TestRegionApartmentsAPI" name="test_admin_add_apartment_to_nonexistent_region" time="0.411" /><testcase classname="tests.test_regions_api.TestRegionDataIntegrity" name="test_full_region_lifecycle" time="2.510" /></testsuite></testsuites>