<?xml version="1.0" encoding="utf-8"?><testsuites name="pytest tests"><testsuite name="pytest" errors="0" failures="0" skipped="0" tests="12" time="2.803" timestamp="2026-04-14T12:35:33.967165+00:00" hostname="agent-env-645ff088-37d3-4205-a5e0-0dcd92190586"><testcase classname="tests.test_reddit_quora_tracking.TestRedditQuoraTracking" name="test_reddit_lowercase_utm_source" time="0.582" /><testcase classname="tests.test_reddit_quora_tracking.TestRedditQuoraTracking" name="test_reddit_uppercase_utm_source" time="0.183" /><testcase classname="tests.test_reddit_quora_tracking.TestRedditQuoraTracking" name="test_reddit_referrer_detection" time="0.221" /><testcase classname="tests.test_reddit_quora_tracking.TestRedditQuoraTracking" name="test_reddit_out_referrer_detection" time="0.195" /><testcase classname="tests.test_reddit_quora_tracking.TestRedditQuoraTracking" name="test_quora_lowercase_utm_source" time="0.220" /><testcase classname="tests.test_reddit_quora_tracking.TestRedditQuoraTracking" name="test_quora_referrer_detection" time="0.204" /><testcase classname="tests.test_reddit_quora_tracking.TestOGRedirectRefParam" name="test_og_redirect_ref_rd" time="0.060" /><testcase classname="tests.test_reddit_quora_tracking.TestOGRedirectRefParam" name="test_og_redirect_ref_reddit_full" time="0.073" /><testcase classname="tests.test_reddit_quora_tracking.TestOGRedirectRefParam" name="test_og_redirect_ref_qu" time="0.064" /><testcase classname="tests.test_reddit_quora_tracking.TestCombinedTrackingFlow" name="test_multiple_sources_tracked_correctly" time="0.555" /><testcase classname="tests.test_reddit_quora_tracking.TestWhatsAppTelegramTracking" name="test_whatsapp_utm_source" time="0.200" /><testcase classname="tests.test_reddit_quora_tracking.TestWhatsAppTelegramTracking" name="test_telegram_utm_source" time="0.213" /></testsuite></testsuites>