<?xml version="1.0" encoding="utf-8"?><testsuites name="pytest tests"><testsuite name="pytest" errors="0" failures="0" skipped="0" tests="39" time="4.112" timestamp="2026-04-07T22:02:06.401684+00:00" hostname="agent-env-645ff088-37d3-4205-a5e0-0dcd92190586"><testcase classname="tests.test_refactored_api.TestHealthAndRoot" name="test_health_check" time="0.094" /><testcase classname="tests.test_refactored_api.TestHealthAndRoot" name="test_root_endpoint" time="0.065" /><testcase classname="tests.test_refactored_api.TestLocationsEndpoints" name="test_get_all_locations" time="0.081" /><testcase classname="tests.test_refactored_api.TestLocationsEndpoints" name="test_get_single_location" time="0.067" /><testcase classname="tests.test_refactored_api.TestInfrastructureEndpoints" name="test_get_infrastructure" time="0.056" /><testcase classname="tests.test_refactored_api.TestZonesEndpoints" name="test_get_zones" time="0.078" /><testcase classname="tests.test_refactored_api.TestCalculatorEndpoints" name="test_roi_calculation" time="0.056" /><testcase classname="tests.test_refactored_api.TestCalculatorEndpoints" name="test_investment_simulation" time="0.083" /><testcase classname="tests.test_refactored_api.TestCalculatorEndpoints" name="test_expose_pdf_generation" time="0.198" /><testcase classname="tests.test_refactored_api.TestArticlesEndpoints" name="test_get_articles" time="0.058" /><testcase classname="tests.test_refactored_api.TestArticlesEndpoints" name="test_get_articles_list_paginated" time="0.087" /><testcase classname="tests.test_refactored_api.TestArticlesEndpoints" name="test_get_clusters" time="0.054" /><testcase classname="tests.test_refactored_api.TestArticlesEndpoints" name="test_get_categories" time="0.073" /><testcase classname="tests.test_refactored_api.TestSitemapEndpoint" name="test_sitemap_xml" time="0.049" /><testcase classname="tests.test_refactored_api.TestRegionsEndpoints" name="test_get_regions" time="0.092" /><testcase classname="tests.test_refactored_api.TestPagesEndpoints" name="test_get_pages" time="0.073" /><testcase classname="tests.test_refactored_api.TestPagesEndpoints" name="test_get_home_page" time="0.083" /><testcase classname="tests.test_refactored_api.TestEventsEndpoints" name="test_get_events" time="0.086" /><testcase classname="tests.test_refactored_api.TestEventsEndpoints" name="test_get_leistungen_content" time="0.064" /><testcase classname="tests.test_refactored_api.TestSettingsEndpoints" name="test_get_homepage_settings" time="0.057" /><testcase classname="tests.test_refactored_api.TestSettingsEndpoints" name="test_get_download_settings" time="0.066" /><testcase classname="tests.test_refactored_api.TestSettingsEndpoints" name="test_get_legal_impressum" time="0.051" /><testcase classname="tests.test_refactored_api.TestDashboardEndpoints" name="test_get_dashboard_stats" time="0.058" /><testcase classname="tests.test_refactored_api.TestYouTubeEndpoint" name="test_get_youtube_latest" time="0.258" /><testcase classname="tests.test_refactored_api.TestTranslateEndpoints" name="test_translate_text" time="0.060" /><testcase classname="tests.test_refactored_api.TestTranslateEndpoints" name="test_translate_batch" time="0.947" /><testcase classname="tests.test_refactored_api.TestAdminAuthEndpoints" name="test_admin_verify" time="0.091" /><testcase classname="tests.test_refactored_api.TestAdminAuthEndpoints" name="test_admin_verify_unauthorized" time="0.060" /><testcase classname="tests.test_refactored_api.TestCRMEndpoints" name="test_get_crm_stages" time="0.062" /><testcase classname="tests.test_refactored_api.TestCRMEndpoints" name="test_get_crm_leads" time="0.048" /><testcase classname="tests.test_refactored_api.TestCRMEndpoints" name="test_get_crm_deals" time="0.144" /><testcase classname="tests.test_refactored_api.TestCRMEndpoints" name="test_get_crm_stats" time="0.134" /><testcase classname="tests.test_refactored_api.TestAnalyticsEndpoints" name="test_get_analytics_overview" time="0.070" /><testcase classname="tests.test_refactored_api.TestCommentsEndpoints" name="test_get_admin_comments" time="0.065" /><testcase classname="tests.test_refactored_api.TestCommentsEndpoints" name="test_get_comments_stats" time="0.064" /><testcase classname="tests.test_refactored_api.TestAdminRegionsAndPages" name="test_get_admin_regions" time="0.072" /><testcase classname="tests.test_refactored_api.TestAdminRegionsAndPages" name="test_get_admin_pages" time="0.076" /><testcase classname="tests.test_refactored_api.TestContactAndLeadEndpoints" name="test_contact_form_submission" time="0.083" /><testcase classname="tests.test_refactored_api.TestContactAndLeadEndpoints" name="test_lead_capture" time="0.073" /></testsuite></testsuites>