<?xml version="1.0" encoding="utf-8"?><testsuites name="pytest tests"><testsuite name="pytest" errors="0" failures="0" skipped="0" tests="13" time="2.306" timestamp="2026-07-17T10:08:12.355955+00:00" hostname="agent-env-645ff088-37d3-4205-a5e0-0dcd92190586"><testcase classname="backend.tests.test_sales_crm_phase2.TestTeamCRUD" name="test_create_team_member" time="0.449" /><testcase classname="backend.tests.test_sales_crm_phase2.TestTeamCRUD" name="test_create_duplicate_returns_409" time="0.040" /><testcase classname="backend.tests.test_sales_crm_phase2.TestTeamCRUD" name="test_list_team_members_includes_stats" time="0.149" /><testcase classname="backend.tests.test_sales_crm_phase2.TestTeamCRUD" name="test_update_team_member" time="0.074" /><testcase classname="backend.tests.test_sales_crm_phase2.TestTeamCRUD" name="test_update_unknown_member_returns_404" time="0.079" /><testcase classname="backend.tests.test_sales_crm_phase2.TestTeamCRUD" name="test_set_commission_rate_endpoint" time="0.040" /><testcase classname="backend.tests.test_sales_crm_phase2.TestTeamCRUD" name="test_delete_team_member" time="0.386" /><testcase classname="backend.tests.test_sales_crm_phase2.TestTeamCRUD" name="test_delete_unknown_member_returns_404" time="0.038" /><testcase classname="backend.tests.test_sales_crm_phase2.TestCommissions" name="test_get_commissions_returns_list" time="0.076" /><testcase classname="backend.tests.test_sales_crm_phase2.TestCommissions" name="test_confirm_commission_full_flow" time="0.644" /><testcase classname="backend.tests.test_sales_crm_phase2.TestCommissions" name="test_confirm_commission_unknown_lead_returns_404" time="0.081" /><testcase classname="backend.tests.test_sales_crm_phase2.TestAuth" name="test_team_members_requires_auth" time="0.060" /><testcase classname="backend.tests.test_sales_crm_phase2.TestAuth" name="test_commissions_requires_auth" time="0.168" /></testsuite></testsuites>