<?xml version="1.0" encoding="utf-8"?><testsuites name="pytest tests"><testsuite name="pytest" errors="0" failures="0" skipped="0" tests="10" time="3.965" timestamp="2026-07-17T09:50:39.325531+00:00" hostname="agent-env-645ff088-37d3-4205-a5e0-0dcd92190586"><testcase classname="backend.tests.test_sales_crm_phase1.TestLeadPropertyUpdate" name="test_update_property_fields_persists" time="0.880" /><testcase classname="backend.tests.test_sales_crm_phase1.TestLeadPropertyUpdate" name="test_update_partial_property_fields" time="0.152" /><testcase classname="backend.tests.test_sales_crm_phase1.TestLeadPropertyUpdate" name="test_update_new_status_options" time="0.294" /><testcase classname="backend.tests.test_sales_crm_phase1.TestCommissionsDashboard" name="test_commissions_structure_milena" time="0.105" /><testcase classname="backend.tests.test_sales_crm_phase1.TestCommissionsDashboard" name="test_commissions_includes_won_deal" time="0.118" /><testcase classname="backend.tests.test_sales_crm_phase1.TestCommissionsDashboard" name="test_commissions_lein_restricted" time="0.389" /><testcase classname="backend.tests.test_sales_crm_phase1.TestAdminCommissionRate" name="test_set_commission_rate" time="0.534" /><testcase classname="backend.tests.test_sales_crm_phase1.TestAdminCommissionRate" name="test_set_commission_rate_unknown_member" time="0.094" /><testcase classname="backend.tests.test_sales_crm_phase1.TestConfirmCommission" name="test_confirm_commission_marks_lead" time="0.227" /><testcase classname="backend.tests.test_sales_crm_phase1.TestConfirmCommission" name="test_confirm_commission_lead_not_found" time="1.139" /></testsuite></testsuites>