<?xml version="1.0" encoding="utf-8"?><testsuites name="pytest tests"><testsuite name="pytest" errors="0" failures="0" skipped="0" tests="9" time="0.893" timestamp="2026-04-06T10:47:14.492806+00:00" hostname="agent-env-645ff088-37d3-4205-a5e0-0dcd92190586"><testcase classname="backend.tests.test_simulation_api.TestSimulationAPI" name="test_simulation_basic" time="0.204" /><testcase classname="backend.tests.test_simulation_api.TestSimulationAPI" name="test_simulation_with_tax" time="0.088" /><testcase classname="backend.tests.test_simulation_api.TestSimulationAPI" name="test_simulation_with_custom_tax_rate" time="0.072" /><testcase classname="backend.tests.test_simulation_api.TestSimulationAPI" name="test_simulation_with_exit_costs" time="0.100" /><testcase classname="backend.tests.test_simulation_api.TestSimulationAPI" name="test_simulation_with_financing" time="0.100" /><testcase classname="backend.tests.test_simulation_api.TestSimulationAPI" name="test_simulation_with_tax_and_financing" time="0.065" /><testcase classname="backend.tests.test_simulation_api.TestSimulationAPI" name="test_simulation_yearly_data_structure" time="0.062" /><testcase classname="backend.tests.test_simulation_api.TestSimulationAPI" name="test_simulation_result_structure" time="0.096" /><testcase classname="backend.tests.test_simulation_api.TestHealthEndpoint" name="test_health_check" time="0.076" /></testsuite></testsuites>