<?xml version="1.0" encoding="utf-8"?><testsuites name="pytest tests"><testsuite name="pytest" errors="0" failures="0" skipped="0" tests="11" time="3.666" timestamp="2026-07-21T11:55:12.117331+00:00" hostname="agent-env-645ff088-37d3-4205-a5e0-0dcd92190586"><testcase classname="tests.test_sveti_stefan_flow" name="test_list_all_properties_returns_at_least_2" time="0.244" /><testcase classname="tests.test_sveti_stefan_flow" name="test_list_by_location_sveti_stefan_returns_villa" time="0.062" /><testcase classname="tests.test_sveti_stefan_flow" name="test_list_by_location_budva_returns_apartment" time="0.070" /><testcase classname="tests.test_sveti_stefan_flow" name="test_list_by_location_unknown_returns_empty" time="0.074" /><testcase classname="tests.test_sveti_stefan_flow" name="test_get_property_by_id_sveti_stefan" time="0.184" /><testcase classname="tests.test_sveti_stefan_flow" name="test_get_property_by_id_invalid_returns_400_or_404" time="0.069" /><testcase classname="tests.test_sveti_stefan_flow" name="test_serve_pdf_sveti_stefan_returns_pdf_bytes" time="2.581" /><testcase classname="tests.test_sveti_stefan_flow" name="test_serve_pdf_budva_no_pdf_returns_404" time="0.098" /><testcase classname="tests.test_sveti_stefan_flow" name="test_serve_pdf_invalid_id_returns_400_or_404" time="0.075" /><testcase classname="tests.test_sveti_stefan_flow" name="test_filter_property_type_villa" time="0.125" /><testcase classname="tests.test_sveti_stefan_flow" name="test_filter_by_status_available" time="0.054" /></testsuite></testsuites>