<?xml version="1.0" encoding="utf-8"?><testsuites name="pytest tests"><testsuite name="pytest" errors="0" failures="0" skipped="0" tests="11" time="1.040" timestamp="2026-07-20T13:25:15.977568+00:00" hostname="agent-env-645ff088-37d3-4205-a5e0-0dcd92190586"><testcase classname="backend.tests.test_team_email_multipart" name="test_multipart_without_attachment" time="0.265" /><testcase classname="backend.tests.test_team_email_multipart" name="test_multipart_with_attachment" time="0.005" /><testcase classname="backend.tests.test_team_email_multipart" name="test_json_body_rejected" time="0.002" /><testcase classname="backend.tests.test_team_email_multipart" name="test_empty_signature_no_kind_regards" time="0.003" /><testcase classname="backend.tests.test_team_email_multipart" name="test_whitespace_signature_no_kind_regards" time="0.003" /><testcase classname="backend.tests.test_team_email_multipart" name="test_custom_signature_used_verbatim" time="0.003" /><testcase classname="backend.tests.test_team_email_multipart" name="test_signature_uses_div_layout_not_table" time="0.003" /><testcase classname="backend.tests.test_team_email_multipart" name="test_attachment_recorded_in_history" time="0.006" /><testcase classname="backend.tests.test_team_email_multipart" name="test_10mb_attachment_rejected" time="0.047" /><testcase classname="backend.tests.test_team_email_multipart" name="test_dennis_lein_name_updated" time="0.003" /><testcase classname="backend.tests.test_team_email_multipart" name="test_preview_returns_email_service_not_configured" time="0.003" /></testsuite></testsuites>