<?xml version="1.0" encoding="utf-8"?><testsuites name="pytest tests"><testsuite name="pytest" errors="0" failures="0" skipped="0" tests="7" time="1.082" timestamp="2026-07-07T09:10:55.981175+00:00" hostname="agent-env-645ff088-37d3-4205-a5e0-0dcd92190586"><testcase classname="tests.test_team_email_greeting" name="test_empty_signature_uses_default_kind_regards_milena" time="0.385" /><testcase classname="tests.test_team_email_greeting" name="test_null_signature_uses_default_greeting" time="0.004" /><testcase classname="tests.test_team_email_greeting" name="test_whitespace_only_signature_uses_default_greeting" time="0.003" /><testcase classname="tests.test_team_email_greeting" name="test_custom_signature_used_verbatim" time="0.003" /><testcase classname="tests.test_team_email_greeting" name="test_custom_signature_converts_newlines_to_br" time="0.003" /><testcase classname="tests.test_team_email_greeting" name="test_from_reply_to_and_subject" time="0.003" /><testcase classname="tests.test_team_email_greeting" name="test_email_record_persisted" time="0.005" /></testsuite></testsuites>