<?xml version="1.0" encoding="utf-8"?><testsuites name="pytest tests"><testsuite name="pytest" errors="0" failures="0" skipped="0" tests="10" time="1.360" timestamp="2026-07-07T06:56:29.534111+00:00" hostname="agent-env-645ff088-37d3-4205-a5e0-0dcd92190586"><testcase classname="backend.tests.test_team_email_signature.TestSignature" name="test_get_signature_returns_object" time="0.461" /><testcase classname="backend.tests.test_team_email_signature.TestSignature" name="test_put_signature_saves" time="0.118" /><testcase classname="backend.tests.test_team_email_signature.TestSignature" name="test_signature_requires_auth" time="0.105" /><testcase classname="backend.tests.test_team_email_signature.TestSendEmail" name="test_email_requires_auth" time="0.258" /><testcase classname="backend.tests.test_team_email_signature.TestSendEmail" name="test_email_missing_subject_422" time="0.060" /><testcase classname="backend.tests.test_team_email_signature.TestSendEmail" name="test_email_missing_body_422" time="0.052" /><testcase classname="backend.tests.test_team_email_signature.TestSendEmail" name="test_email_nonexistent_lead_404" time="0.068" /><testcase classname="backend.tests.test_team_email_signature.TestSendEmail" name="test_email_send_response" time="0.057" /><testcase classname="backend.tests.test_team_email_signature.TestEmailHistory" name="test_history_returns_list" time="0.078" /><testcase classname="backend.tests.test_team_email_signature.TestEmailHistory" name="test_history_requires_auth" time="0.071" /></testsuite></testsuites>