<?xml version="1.0" encoding="utf-8"?><testsuites name="pytest tests"><testsuite name="pytest" errors="0" failures="0" skipped="0" tests="9" time="3.190" timestamp="2026-04-04T13:12:59.118704+00:00" hostname="agent-env-645ff088-37d3-4205-a5e0-0dcd92190586"><testcase classname="backend.tests.test_translation.TestTranslateEndpoint" name="test_translate_german_to_english" time="1.356" /><testcase classname="backend.tests.test_translation.TestTranslateEndpoint" name="test_translate_english_to_german" time="0.087" /><testcase classname="backend.tests.test_translation.TestTranslateEndpoint" name="test_translate_longer_text" time="0.064" /><testcase classname="backend.tests.test_translation.TestTranslateEndpoint" name="test_translate_same_language" time="0.086" /><testcase classname="backend.tests.test_translation.TestTranslateEndpoint" name="test_translate_empty_text" time="0.069" /><testcase classname="backend.tests.test_translation.TestTranslateBatchEndpoint" name="test_batch_translate" time="1.197" /><testcase classname="backend.tests.test_translation.TestTranslateBatchEndpoint" name="test_batch_translate_empty_list" time="0.079" /><testcase classname="backend.tests.test_translation.TestTranslateArticleEndpoint" name="test_translate_article_not_found" time="0.112" /><testcase classname="backend.tests.test_translation.TestHealthEndpoint" name="test_health_check" time="0.109" /></testsuite></testsuites>